build/app/outputs/mapping/release/seeds.txt
com.thanadev.business_menagament.MainActivity
com.thanadev.business_menagament.MainActivity: MainActivity()
...
androidx.window.layout.WindowMetricsCalculator$Companion$overrideDecorator$1: WindowMetricsCalculator$Companion$overrideDecorator$1(java.lang.Object)
com.google.crypto.tink.config.internal.TinkFipsUtil$AlgorithmFipsCompatibility: com.google.crypto.tink.config.internal.TinkFipsUtil$AlgorithmFipsCompatibility valueOf(java.lang.String)
androidx.window.embedding.SplitPlaceholderRule: SplitPlaceholderRule(java.util.Set,android.content.Intent,int,int,float,int,int,kotlin.jvm.internal.DefaultConstructorMarker)
androidx.collection.SimpleArrayMap: SimpleArrayMap()
io.flutter.embedding.engine.FlutterJNI: android.graphics.Bitmap getBitmap()
androidx.window.java.layout.WindowInfoTrackerCallbackAdapter: void removeListener(androidx.core.util.Consumer)
androidx.window.layout.SidecarAdapter$Companion: int getSidecarDevicePosture$window_release(androidx.window.sidecar.SidecarDeviceState)
androidx.window.embedding.SplitPairFilter: java.lang.String getSecondaryActivityIntentAction()
androidx.window.embedding.ExtensionEmbeddingBackend: void registerSplitListenerForActivity(android.app.Activity,java.util.concurrent.Executor,androidx.core.util.Consumer)
androidx.window.java.layout.WindowInfoTrackerCallbackAdapter: WindowInfoTrackerCallbackAdapter(androidx.window.layout.WindowInfoTracker)
androidx.window.embedding.SplitController$Companion: SplitController$Companion()
androidx.window.layout.SidecarAdapter$Companion: SidecarAdapter$Companion()
io.flutter.view.AccessibilityViewEmbedder: boolean requestSendAccessibilityEvent(android.view.View,android.view.View,android.view.accessibility.AccessibilityEvent)
io.flutter.embedding.android.FlutterView$ZeroSides: io.flutter.embedding.android.FlutterView$ZeroSides valueOf(java.lang.String)
com.google.crypto.tink.proto.XChaCha20Poly1305Key$Builder: XChaCha20Poly1305Key$Builder()
io.flutter.embedding.engine.systemchannels.TextInputChannel$TextCapitalization: io.flutter.embedding.engine.systemchannels.TextInputChannel$TextCapitalization valueOf(java.lang.String)
kotlin.jvm.internal.FunctionReference: boolean isInfix()
com.google.crypto.tink.proto.HashType: com.google.crypto.tink.proto.HashType[] values()
io.flutter.embedding.engine.systemchannels.PlatformChannel$Brightness: io.flutter.embedding.engine.systemchannels.PlatformChannel$Brightness valueOf(java.lang.String)
androidx.window.embedding.SplitController: androidx.window.embedding.SplitController getInstance()
io.flutter.view.AccessibilityBridge$AccessibilityFeature: io.flutter.view.AccessibilityBridge$AccessibilityFeature[] values()
io.flutter.plugin.editing.ImeSyncDeferringInsetsCallback: boolean access$300(io.flutter.plugin.editing.ImeSyncDeferringInsetsCallback)
kotlin.coroutines.jvm.internal.SuspendLambda: SuspendLambda(int)
kotlin.jvm.internal.FunctionReference: kotlin.reflect.KCallable computeReflected()
androidx.core.view.WindowInsetsCompat$BuilderImpl30: WindowInsetsCompat$BuilderImpl30()
io.flutter.embedding.engine.mutatorsstack.FlutterMutatorsStack: void pushClipRect(int,int,int,int)
androidx.window.layout.SidecarCompat$DistinctSidecarElementCallback: SidecarCompat$DistinctSidecarElementCallback(androidx.window.layout.SidecarAdapter,androidx.window.sidecar.SidecarInterface$SidecarCallback)
androidx.window.layout.DisplayCompatHelperApi28: DisplayCompatHelperApi28()
androidx.core.view.WindowInsetsCompat$Impl28: WindowInsetsCompat$Impl28(androidx.core.view.WindowInsetsCompat,androidx.core.view.WindowInsetsCompat$Impl28)
androidx.window.layout.HardwareFoldingFeature: android.graphics.Rect getBounds()
io.flutter.embedding.engine.FlutterJNI: void ensureAttachedToNative()
androidx.window.embedding.EmbeddingBackend: void registerRule(androidx.window.embedding.EmbeddingRule)
io.flutter.embedding.engine.plugins.lifecycle.HiddenLifecycleReference: androidx.lifecycle.Lifecycle getLifecycle()
androidx.core.view.WindowInsetsCompat$BuilderImpl: void setSystemWindowInsets(androidx.core.graphics.Insets)