build/app/outputs/mapping/release/mapping.txt
# compiler: R8
# compiler_version: 3.3.70
# min_api: 19
# common_typos_disable
# {"id":"com.android.tools.r8.mapping","version":"2.0"}
# pg_map_id: a846d7c
# pg_map_hash: SHA-256 a846d7c2e1c348f3835bd0aaa0e803f043be100a4d227ddf84b194dd7b9a4e9b
...
androidx.core.view.WindowInsetsControllerCompat -> i.t:
    androidx.core.view.WindowInsetsControllerCompat$Impl mImpl -> a
    void setAppearanceLightNavigationBars(boolean) -> a
    void setAppearanceLightStatusBars(boolean) -> b
androidx.core.view.WindowInsetsControllerCompat$Impl -> i.t$e:
    void setAppearanceLightNavigationBars(boolean) -> a
    void setAppearanceLightStatusBars(boolean) -> b
androidx.core.view.WindowInsetsControllerCompat$Impl20 -> i.t$a:
    android.view.View mView -> b
    android.view.Window mWindow -> a
    void setSystemUiFlag(int) -> c
    void setWindowFlag(int) -> d
    void unsetSystemUiFlag(int) -> e
    void unsetWindowFlag(int) -> f
androidx.core.view.WindowInsetsControllerCompat$Impl23 -> i.t$b:
    void setAppearanceLightStatusBars(boolean) -> b
androidx.core.view.WindowInsetsControllerCompat$Impl26 -> i.t$c:
    void setAppearanceLightNavigationBars(boolean) -> a
androidx.core.view.WindowInsetsControllerCompat$Impl30 -> i.t$d:
    androidx.collection.SimpleArrayMap mListeners -> c
    android.view.WindowInsetsController mInsetsController -> b
    androidx.core.view.WindowInsetsControllerCompat mCompatController -> a
    void setAppearanceLightNavigationBars(boolean) -> a
    void setAppearanceLightStatusBars(boolean) -> b
androidx.core.view.WindowInsetsControllerCompat$Impl30$$ExternalSyntheticApiModelOutline0 -> i.u:
# {"id":"sourceFile","fileName":"R8$$SyntheticClass"}
# {"id":"com.android.tools.r8.synthesized"}
    android.view.WindowInsetsController androidx.core.view.WindowInsetsControllerCompat$Impl30$$InternalSyntheticApiModelOutline$2$e51a200b697bfb4d6155e4ad6744e47698f53e8b6d3d57e5cc6e876a3b3d93d4$0.m(android.view.Window) -> a
      # {"id":"com.android.tools.r8.synthesized"}
androidx.core.view.inputmethod.EditorInfoCompat -> j.a:
    java.lang.String[] EMPTY_STRING_ARRAY -> a
    void setContentMimeTypes(android.view.inputmethod.EditorInfo,java.lang.String[]) -> a
androidx.fragment.app.Fragment$2 -> androidx.fragment.app.Fragment$2:
    void onStateChanged(androidx.lifecycle.LifecycleOwner,androidx.lifecycle.Lifecycle$Event) -> d
androidx.lifecycle.CompositeGeneratedAdaptersObserver -> androidx.lifecycle.CompositeGeneratedAdaptersObserver:
    androidx.lifecycle.GeneratedAdapter[] mGeneratedAdapters -> a
    void onStateChanged(androidx.lifecycle.LifecycleOwner,androidx.lifecycle.Lifecycle$Event) -> d
androidx.lifecycle.FullLifecycleObserver -> androidx.lifecycle.a:
    void onResume(androidx.lifecycle.LifecycleOwner) -> a
    void onDestroy(androidx.lifecycle.LifecycleOwner) -> b
    void onCreate(androidx.lifecycle.LifecycleOwner) -> c
    void onPause(androidx.lifecycle.LifecycleOwner) -> e
    void onStart(androidx.lifecycle.LifecycleOwner) -> f
    void onStop(androidx.lifecycle.LifecycleOwner) -> g
androidx.lifecycle.FullLifecycleObserverAdapter -> androidx.lifecycle.FullLifecycleObserverAdapter:
    androidx.lifecycle.FullLifecycleObserver mFullLifecycleObserver -> a
    androidx.lifecycle.LifecycleEventObserver mLifecycleEventObserver -> b
    void onStateChanged(androidx.lifecycle.LifecycleOwner,androidx.lifecycle.Lifecycle$Event) -> d
androidx.lifecycle.FullLifecycleObserverAdapter$1 -> androidx.lifecycle.FullLifecycleObserverAdapter$a:
    int[] $SwitchMap$androidx$lifecycle$Lifecycle$Event -> a
androidx.lifecycle.GeneratedAdapter -> androidx.lifecycle.b:
    void callMethods(androidx.lifecycle.LifecycleOwner,androidx.lifecycle.Lifecycle$Event,boolean,androidx.lifecycle.MethodCallsLogger) -> a
androidx.lifecycle.Lifecycle -> androidx.lifecycle.c:
    java.util.concurrent.atomic.AtomicReference mInternalScopeRef -> a
    androidx.lifecycle.Lifecycle$State getCurrentState() -> a
    void removeObserver(androidx.lifecycle.LifecycleObserver) -> b
androidx.lifecycle.Lifecycle$Event -> androidx.lifecycle.c$a: