build/app/outputs/mapping/release/usage.txt
com.thanadev.business_menagament.BuildConfig
com.thanadev.business_menagament.R$attr
com.thanadev.business_menagament.R$color
com.thanadev.business_menagament.R$dimen
com.thanadev.business_menagament.R$drawable
com.thanadev.business_menagament.R$id
com.thanadev.business_menagament.R$integer
com.thanadev.business_menagament.R$layout
com.thanadev.business_menagament.R$mipmap
com.thanadev.business_menagament.R$string
com.thanadev.business_menagament.R$style
com.thanadev.business_menagament.R$styleable
com.thanadev.business_menagament.R
...
com.google.crypto.tink.shaded.protobuf.Value$KindCase
com.google.crypto.tink.shaded.protobuf.Value
com.google.crypto.tink.shaded.protobuf.ValueOrBuilder
com.google.crypto.tink.shaded.protobuf.WireFormat$1:
    static final synthetic int[] $SwitchMap$com$google$protobuf$WireFormat$FieldType
    static void <clinit>()
com.google.crypto.tink.shaded.protobuf.WireFormat$FieldType$1:
    public boolean isPackable()
com.google.crypto.tink.shaded.protobuf.WireFormat$FieldType$2:
    public boolean isPackable()
com.google.crypto.tink.shaded.protobuf.WireFormat$FieldType$3:
    public boolean isPackable()
com.google.crypto.tink.shaded.protobuf.WireFormat$FieldType$4:
    public boolean isPackable()
com.google.crypto.tink.shaded.protobuf.WireFormat$FieldType:
    public boolean isPackable()
com.google.crypto.tink.shaded.protobuf.WireFormat$JavaType:
    java.lang.Object getDefaultDefault()
com.google.crypto.tink.shaded.protobuf.WireFormat$Utf8Validation$1
com.google.crypto.tink.shaded.protobuf.WireFormat$Utf8Validation$2
com.google.crypto.tink.shaded.protobuf.WireFormat$Utf8Validation$3
com.google.crypto.tink.shaded.protobuf.WireFormat$Utf8Validation
com.google.crypto.tink.shaded.protobuf.WireFormat:
    static final int FIXED32_SIZE
    static final int FIXED64_SIZE
    static final int MAX_VARINT32_SIZE
    static final int MAX_VARINT64_SIZE
    static final int MAX_VARINT_SIZE
    static final int MESSAGE_SET_ITEM
    static final int MESSAGE_SET_MESSAGE
    static final int MESSAGE_SET_TYPE_ID
    static final int TAG_TYPE_BITS
    static final int TAG_TYPE_MASK
    public static final int WIRETYPE_END_GROUP
    public static final int WIRETYPE_FIXED32
    public static final int WIRETYPE_FIXED64
    public static final int WIRETYPE_LENGTH_DELIMITED
    public static final int WIRETYPE_START_GROUP
    public static final int WIRETYPE_VARINT
    private void <init>()
    static java.lang.Object readPrimitiveField(com.google.crypto.tink.shaded.protobuf.CodedInputStream,com.google.crypto.tink.shaded.protobuf.WireFormat$FieldType,com.google.crypto.tink.shaded.protobuf.WireFormat$Utf8Validation)
com.google.crypto.tink.shaded.protobuf.WrappersProto
com.google.crypto.tink.shaded.protobuf.Writer:
    public abstract void writeGroup(int,java.lang.Object)
    public abstract void writeGroupList(int,java.util.List)
    public abstract void writeMessage(int,java.lang.Object)
    public abstract void writeMessageList(int,java.util.List)
com.google.crypto.tink.signature.EcdsaParameters$1
com.google.crypto.tink.signature.EcdsaParameters$Builder
com.google.crypto.tink.signature.EcdsaParameters$CurveType
com.google.crypto.tink.signature.EcdsaParameters$HashType
com.google.crypto.tink.signature.EcdsaParameters$SignatureEncoding
com.google.crypto.tink.signature.EcdsaParameters$Variant
com.google.crypto.tink.signature.EcdsaParameters
com.google.crypto.tink.signature.EcdsaPrivateKey$1
com.google.crypto.tink.signature.EcdsaPrivateKey$Builder
com.google.crypto.tink.signature.EcdsaPrivateKey
com.google.crypto.tink.signature.EcdsaProtoSerialization$1
com.google.crypto.tink.signature.EcdsaProtoSerialization
com.google.crypto.tink.signature.EcdsaPublicKey$1
com.google.crypto.tink.signature.EcdsaPublicKey$Builder
com.google.crypto.tink.signature.EcdsaPublicKey
com.google.crypto.tink.signature.EcdsaSignKeyManager$1
com.google.crypto.tink.signature.EcdsaSignKeyManager$2
com.google.crypto.tink.signature.EcdsaSignKeyManager
com.google.crypto.tink.signature.EcdsaVerifyKeyManager$1
com.google.crypto.tink.signature.EcdsaVerifyKeyManager
com.google.crypto.tink.signature.Ed25519PrivateKeyManager$1
com.google.crypto.tink.signature.Ed25519PrivateKeyManager$2
com.google.crypto.tink.signature.Ed25519PrivateKeyManager
com.google.crypto.tink.signature.Ed25519PublicKeyManager$1
com.google.crypto.tink.signature.Ed25519PublicKeyManager
com.google.crypto.tink.signature.PublicKeySignConfig
com.google.crypto.tink.signature.PublicKeySignFactory